<?xml version="1.0" encoding="UTF-8"?>
<robot generator="Robot 4.1.2 (Python 3.10.0 on win32)" generated="20211020 20:37:43.287" rpa="false" schemaversion="2">
<suite id="s1" name="Exercicios" source="C:\Users\Rubem\Desktop\Curso - Prime Hero\tests\exercicios.robot">
<test id="s1-t1" name="Cenario: Tomando decisoes">
<kw name="Tomar decisoes">
<for flavor="IN RANGE">
<var>${COUNT}</var>
<value>0</value>
<value>10</value>
<iter>
<var name="${COUNT}">0</var>
<if>
<branch type="IF" condition="'${COUNT}'=='5'">
<kw name="Log To Console" library="BuiltIn">
<arg>Estou no número ${COUNT}</arg>
<doc>Logs the given message to the console.</doc>
<status status="NOT RUN" starttime="20211020 20:37:43.357" endtime="20211020 20:37:43.357"/>
</kw>
<status status="NOT RUN" starttime="20211020 20:37:43.357" endtime="20211020 20:37:43.357"/>
</branch>
<branch type="ELSE IF" condition="'${COUNT}'=='8'">
<kw name="Log To Console" library="BuiltIn">
<arg>Estou no número ${COUNT}</arg>
<doc>Logs the given message to the console.</doc>
<status status="NOT RUN" starttime="20211020 20:37:43.357" endtime="20211020 20:37:43.357"/>
</kw>
<status status="NOT RUN" starttime="20211020 20:37:43.357" endtime="20211020 20:37:43.357"/>
</branch>
<branch type="ELSE">
<kw name="Log To Console" library="BuiltIn">
<arg>Este não é o número 5 ou 8</arg>
<doc>Logs the given message to the console.</doc>
<status status="PASS" starttime="20211020 20:37:43.357" endtime="20211020 20:37:43.357"/>
</kw>
<status status="PASS" starttime="20211020 20:37:43.357" endtime="20211020 20:37:43.357"/>
</branch>
<status status="PASS" starttime="20211020 20:37:43.357" endtime="20211020 20:37:43.357"/>
</if>
<status status="PASS" starttime="20211020 20:37:43.357" endtime="20211020 20:37:43.357"/>
</iter>
<iter>
<var name="${COUNT}">1</var>
<if>
<branch type="IF" condition="'${COUNT}'=='5'">
<kw name="Log To Console" library="BuiltIn">
<arg>Estou no número ${COUNT}</arg>
<doc>Logs the given message to the console.</doc>
<status status="NOT RUN" starttime="20211020 20:37:43.357" endtime="20211020 20:37:43.357"/>
</kw>
<status status="NOT RUN" starttime="20211020 20:37:43.357" endtime="20211020 20:37:43.357"/>
</branch>
<branch type="ELSE IF" condition="'${COUNT}'=='8'">
<kw name="Log To Console" library="BuiltIn">
<arg>Estou no número ${COUNT}</arg>
<doc>Logs the given message to the console.</doc>
<status status="NOT RUN" starttime="20211020 20:37:43.357" endtime="20211020 20:37:43.357"/>
</kw>
<status status="NOT RUN" starttime="20211020 20:37:43.357" endtime="20211020 20:37:43.357"/>
</branch>
<branch type="ELSE">
<kw name="Log To Console" library="BuiltIn">
<arg>Este não é o número 5 ou 8</arg>
<doc>Logs the given message to the console.</doc>
<status status="PASS" starttime="20211020 20:37:43.365" endtime="20211020 20:37:43.365"/>
</kw>
<status status="PASS" starttime="20211020 20:37:43.357" endtime="20211020 20:37:43.365"/>
</branch>
<status status="PASS" starttime="20211020 20:37:43.357" endtime="20211020 20:37:43.365"/>
</if>
<status status="PASS" starttime="20211020 20:37:43.357" endtime="20211020 20:37:43.365"/>
</iter>
<iter>
<var name="${COUNT}">2</var>
<if>
<branch type="IF" condition="'${COUNT}'=='5'">
<kw name="Log To Console" library="BuiltIn">
<arg>Estou no número ${COUNT}</arg>
<doc>Logs the given message to the console.</doc>
<status status="NOT RUN" starttime="20211020 20:37:43.365" endtime="20211020 20:37:43.365"/>
</kw>
<status status="NOT RUN" starttime="20211020 20:37:43.365" endtime="20211020 20:37:43.365"/>
</branch>
<branch type="ELSE IF" condition="'${COUNT}'=='8'">
<kw name="Log To Console" library="BuiltIn">
<arg>Estou no número ${COUNT}</arg>
<doc>Logs the given message to the console.</doc>
<status status="NOT RUN" starttime="20211020 20:37:43.365" endtime="20211020 20:37:43.365"/>
</kw>
<status status="NOT RUN" starttime="20211020 20:37:43.365" endtime="20211020 20:37:43.365"/>
</branch>
<branch type="ELSE">
<kw name="Log To Console" library="BuiltIn">
<arg>Este não é o número 5 ou 8</arg>
<doc>Logs the given message to the console.</doc>
<status status="PASS" starttime="20211020 20:37:43.365" endtime="20211020 20:37:43.365"/>
</kw>
<status status="PASS" starttime="20211020 20:37:43.365" endtime="20211020 20:37:43.365"/>
</branch>
<status status="PASS" starttime="20211020 20:37:43.365" endtime="20211020 20:37:43.365"/>
</if>
<status status="PASS" starttime="20211020 20:37:43.365" endtime="20211020 20:37:43.365"/>
</iter>
<iter>
<var name="${COUNT}">3</var>
<if>
<branch type="IF" condition="'${COUNT}'=='5'">
<kw name="Log To Console" library="BuiltIn">
<arg>Estou no número ${COUNT}</arg>
<doc>Logs the given message to the console.</doc>
<status status="NOT RUN" starttime="20211020 20:37:43.365" endtime="20211020 20:37:43.365"/>
</kw>
<status status="NOT RUN" starttime="20211020 20:37:43.365" endtime="20211020 20:37:43.373"/>
</branch>
<branch type="ELSE IF" condition="'${COUNT}'=='8'">
<kw name="Log To Console" library="BuiltIn">
<arg>Estou no número ${COUNT}</arg>
<doc>Logs the given message to the console.</doc>
<status status="NOT RUN" starttime="20211020 20:37:43.373" endtime="20211020 20:37:43.373"/>
</kw>
<status status="NOT RUN" starttime="20211020 20:37:43.373" endtime="20211020 20:37:43.373"/>
</branch>
<branch type="ELSE">
<kw name="Log To Console" library="BuiltIn">
<arg>Este não é o número 5 ou 8</arg>
<doc>Logs the given message to the console.</doc>
<status status="PASS" starttime="20211020 20:37:43.373" endtime="20211020 20:37:43.373"/>
</kw>
<status status="PASS" starttime="20211020 20:37:43.373" endtime="20211020 20:37:43.373"/>
</branch>
<status status="PASS" starttime="20211020 20:37:43.365" endtime="20211020 20:37:43.373"/>
</if>
<status status="PASS" starttime="20211020 20:37:43.365" endtime="20211020 20:37:43.373"/>
</iter>
<iter>
<var name="${COUNT}">4</var>
<if>
<branch type="IF" condition="'${COUNT}'=='5'">
<kw name="Log To Console" library="BuiltIn">
<arg>Estou no número ${COUNT}</arg>
<doc>Logs the given message to the console.</doc>
<status status="NOT RUN" starttime="20211020 20:37:43.373" endtime="20211020 20:37:43.373"/>
</kw>
<status status="NOT RUN" starttime="20211020 20:37:43.373" endtime="20211020 20:37:43.373"/>
</branch>
<branch type="ELSE IF" condition="'${COUNT}'=='8'">
<kw name="Log To Console" library="BuiltIn">
<arg>Estou no número ${COUNT}</arg>
<doc>Logs the given message to the console.</doc>
<status status="NOT RUN" starttime="20211020 20:37:43.381" endtime="20211020 20:37:43.381"/>
</kw>
<status status="NOT RUN" starttime="20211020 20:37:43.373" endtime="20211020 20:37:43.381"/>
</branch>
<branch type="ELSE">
<kw name="Log To Console" library="BuiltIn">
<arg>Este não é o número 5 ou 8</arg>
<doc>Logs the given message to the console.</doc>
<status status="PASS" starttime="20211020 20:37:43.381" endtime="20211020 20:37:43.381"/>
</kw>
<status status="PASS" starttime="20211020 20:37:43.381" endtime="20211020 20:37:43.381"/>
</branch>
<status status="PASS" starttime="20211020 20:37:43.373" endtime="20211020 20:37:43.381"/>
</if>
<status status="PASS" starttime="20211020 20:37:43.373" endtime="20211020 20:37:43.381"/>
</iter>
<iter>
<var name="${COUNT}">5</var>
<if>
<branch type="IF" condition="'${COUNT}'=='5'">
<kw name="Log To Console" library="BuiltIn">
<arg>Estou no número ${COUNT}</arg>
<doc>Logs the given message to the console.</doc>
<status status="PASS" starttime="20211020 20:37:43.381" endtime="20211020 20:37:43.381"/>
</kw>
<status status="PASS" starttime="20211020 20:37:43.381" endtime="20211020 20:37:43.381"/>
</branch>
<branch type="ELSE IF" condition="'${COUNT}'=='8'">
<kw name="Log To Console" library="BuiltIn">
<arg>Estou no número ${COUNT}</arg>
<doc>Logs the given message to the console.</doc>
<status status="NOT RUN" starttime="20211020 20:37:43.381" endtime="20211020 20:37:43.381"/>
</kw>
<status status="NOT RUN" starttime="20211020 20:37:43.381" endtime="20211020 20:37:43.381"/>
</branch>
<branch type="ELSE">
<kw name="Log To Console" library="BuiltIn">
<arg>Este não é o número 5 ou 8</arg>
<doc>Logs the given message to the console.</doc>
<status status="NOT RUN" starttime="20211020 20:37:43.381" endtime="20211020 20:37:43.381"/>
</kw>
<status status="NOT RUN" starttime="20211020 20:37:43.381" endtime="20211020 20:37:43.381"/>
</branch>
<status status="PASS" starttime="20211020 20:37:43.381" endtime="20211020 20:37:43.381"/>
</if>
<status status="PASS" starttime="20211020 20:37:43.381" endtime="20211020 20:37:43.381"/>
</iter>
<iter>
<var name="${COUNT}">6</var>
<if>
<branch type="IF" condition="'${COUNT}'=='5'">
<kw name="Log To Console" library="BuiltIn">
<arg>Estou no número ${COUNT}</arg>
<doc>Logs the given message to the console.</doc>
<status status="NOT RUN" starttime="20211020 20:37:43.381" endtime="20211020 20:37:43.389"/>
</kw>
<status status="NOT RUN" starttime="20211020 20:37:43.381" endtime="20211020 20:37:43.389"/>
</branch>
<branch type="ELSE IF" condition="'${COUNT}'=='8'">
<kw name="Log To Console" library="BuiltIn">
<arg>Estou no número ${COUNT}</arg>
<doc>Logs the given message to the console.</doc>
<status status="NOT RUN" starttime="20211020 20:37:43.389" endtime="20211020 20:37:43.389"/>
</kw>
<status status="NOT RUN" starttime="20211020 20:37:43.389" endtime="20211020 20:37:43.389"/>
</branch>
<branch type="ELSE">
<kw name="Log To Console" library="BuiltIn">
<arg>Este não é o número 5 ou 8</arg>
<doc>Logs the given message to the console.</doc>
<status status="PASS" starttime="20211020 20:37:43.389" endtime="20211020 20:37:43.389"/>
</kw>
<status status="PASS" starttime="20211020 20:37:43.389" endtime="20211020 20:37:43.389"/>
</branch>
<status status="PASS" starttime="20211020 20:37:43.381" endtime="20211020 20:37:43.389"/>
</if>
<status status="PASS" starttime="20211020 20:37:43.381" endtime="20211020 20:37:43.389"/>
</iter>
<iter>
<var name="${COUNT}">7</var>
<if>
<branch type="IF" condition="'${COUNT}'=='5'">
<kw name="Log To Console" library="BuiltIn">
<arg>Estou no número ${COUNT}</arg>
<doc>Logs the given message to the console.</doc>
<status status="NOT RUN" starttime="20211020 20:37:43.389" endtime="20211020 20:37:43.389"/>
</kw>
<status status="NOT RUN" starttime="20211020 20:37:43.389" endtime="20211020 20:37:43.389"/>
</branch>
<branch type="ELSE IF" condition="'${COUNT}'=='8'">
<kw name="Log To Console" library="BuiltIn">
<arg>Estou no número ${COUNT}</arg>
<doc>Logs the given message to the console.</doc>
<status status="NOT RUN" starttime="20211020 20:37:43.389" endtime="20211020 20:37:43.389"/>
</kw>
<status status="NOT RUN" starttime="20211020 20:37:43.389" endtime="20211020 20:37:43.389"/>
</branch>
<branch type="ELSE">
<kw name="Log To Console" library="BuiltIn">
<arg>Este não é o número 5 ou 8</arg>
<doc>Logs the given message to the console.</doc>
<status status="PASS" starttime="20211020 20:37:43.389" endtime="20211020 20:37:43.389"/>
</kw>
<status status="PASS" starttime="20211020 20:37:43.389" endtime="20211020 20:37:43.389"/>
</branch>
<status status="PASS" starttime="20211020 20:37:43.389" endtime="20211020 20:37:43.389"/>
</if>
<status status="PASS" starttime="20211020 20:37:43.389" endtime="20211020 20:37:43.389"/>
</iter>
<iter>
<var name="${COUNT}">8</var>
<if>
<branch type="IF" condition="'${COUNT}'=='5'">
<kw name="Log To Console" library="BuiltIn">
<arg>Estou no número ${COUNT}</arg>
<doc>Logs the given message to the console.</doc>
<status status="NOT RUN" starttime="20211020 20:37:43.389" endtime="20211020 20:37:43.389"/>
</kw>
<status status="NOT RUN" starttime="20211020 20:37:43.389" endtime="20211020 20:37:43.389"/>
</branch>
<branch type="ELSE IF" condition="'${COUNT}'=='8'">
<kw name="Log To Console" library="BuiltIn">
<arg>Estou no número ${COUNT}</arg>
<doc>Logs the given message to the console.</doc>
<status status="PASS" starttime="20211020 20:37:43.397" endtime="20211020 20:37:43.397"/>
</kw>
<status status="PASS" starttime="20211020 20:37:43.389" endtime="20211020 20:37:43.397"/>
</branch>
<branch type="ELSE">
<kw name="Log To Console" library="BuiltIn">
<arg>Este não é o número 5 ou 8</arg>
<doc>Logs the given message to the console.</doc>
<status status="NOT RUN" starttime="20211020 20:37:43.397" endtime="20211020 20:37:43.397"/>
</kw>
<status status="NOT RUN" starttime="20211020 20:37:43.397" endtime="20211020 20:37:43.397"/>
</branch>
<status status="PASS" starttime="20211020 20:37:43.389" endtime="20211020 20:37:43.397"/>
</if>
<status status="PASS" starttime="20211020 20:37:43.389" endtime="20211020 20:37:43.397"/>
</iter>
<iter>
<var name="${COUNT}">9</var>
<if>
<branch type="IF" condition="'${COUNT}'=='5'">
<kw name="Log To Console" library="BuiltIn">
<arg>Estou no número ${COUNT}</arg>
<doc>Logs the given message to the console.</doc>
<status status="NOT RUN" starttime="20211020 20:37:43.397" endtime="20211020 20:37:43.397"/>
</kw>
<status status="NOT RUN" starttime="20211020 20:37:43.397" endtime="20211020 20:37:43.397"/>
</branch>
<branch type="ELSE IF" condition="'${COUNT}'=='8'">
<kw name="Log To Console" library="BuiltIn">
<arg>Estou no número ${COUNT}</arg>
<doc>Logs the given message to the console.</doc>
<status status="NOT RUN" starttime="20211020 20:37:43.397" endtime="20211020 20:37:43.397"/>
</kw>
<status status="NOT RUN" starttime="20211020 20:37:43.397" endtime="20211020 20:37:43.397"/>
</branch>
<branch type="ELSE">
<kw name="Log To Console" library="BuiltIn">
<arg>Este não é o número 5 ou 8</arg>
<doc>Logs the given message to the console.</doc>
<status status="PASS" starttime="20211020 20:37:43.397" endtime="20211020 20:37:43.397"/>
</kw>
<status status="PASS" starttime="20211020 20:37:43.397" endtime="20211020 20:37:43.397"/>
</branch>
<status status="PASS" starttime="20211020 20:37:43.397" endtime="20211020 20:37:43.397"/>
</if>
<status status="PASS" starttime="20211020 20:37:43.397" endtime="20211020 20:37:43.397"/>
</iter>
<status status="PASS" starttime="20211020 20:37:43.357" endtime="20211020 20:37:43.397"/>
</for>
<status status="PASS" starttime="20211020 20:37:43.357" endtime="20211020 20:37:43.397"/>
</kw>
<tag>IF</tag>
<status status="PASS" starttime="20211020 20:37:43.357" endtime="20211020 20:37:43.397"/>
</test>
<doc>neste arquivo estarão presentes todos os exercicios de automação do curso Prime Hero</doc>
<status status="PASS" starttime="20211020 20:37:43.287" endtime="20211020 20:37:43.405"/>
</suite>
<statistics>
<total>
<stat pass="1" fail="0" skip="0">All Tests</stat>
</total>
<tag>
<stat pass="1" fail="0" skip="0">IF</stat>
</tag>
<suite>
<stat pass="1" fail="0" skip="0" id="s1" name="Exercicios">Exercicios</stat>
</suite>
</statistics>
<errors>
</errors>
</robot>
