<?xml version="1.0" encoding="UTF-8"?>
<robot generator="Robot 4.1.2 (Python 3.10.0 on win32)" generated="20211023 23:41:21.580" rpa="false" schemaversion="2">
<suite id="s1" name="Tests" source="C:\Projetos\PrimeExperts\tests">
<suite id="s1-s1" name="Exercicios" source="C:\Projetos\PrimeExperts\tests\exercicios.robot">
<test id="s1-s1-t1" name="Caso de Teste 04: Adicionar Cliente">
<kw name="Abrir navegador" library="TestAutomation" type="SETUP">
<kw name="Open Browser" library="SeleniumLibrary">
<arg>About:Blank</arg>
<arg>${BROWSER}</arg>
<doc>Opens a new browser instance to the optional ``url``.</doc>
<msg timestamp="20211023 23:41:22.104" level="INFO">Opening browser 'Chrome' to base url 'About:Blank'.</msg>
<status status="PASS" starttime="20211023 23:41:22.103" endtime="20211023 23:41:24.325"/>
</kw>
<status status="PASS" starttime="20211023 23:41:22.102" endtime="20211023 23:41:24.326"/>
</kw>
<kw name="Acessar a pagina home do site" library="TestAutomation">
<kw name="Go To" library="SeleniumLibrary">
<arg>${URL}</arg>
<doc>Navigates the current browser window to the provided ``url``.</doc>
<msg timestamp="20211023 23:41:24.329" level="INFO">Opening url 'http://automationpractice.com'</msg>
<status status="PASS" starttime="20211023 23:41:24.328" endtime="20211023 23:41:30.512"/>
</kw>
<kw name="Maximize Browser Window" library="SeleniumLibrary">
<doc>Maximizes current browser window.</doc>
<status status="PASS" starttime="20211023 23:41:30.512" endtime="20211023 23:41:30.644"/>
</kw>
<kw name="Title Should Be" library="SeleniumLibrary">
<arg>My Store</arg>
<doc>Verifies that the current page title equals ``title``.</doc>
<msg timestamp="20211023 23:41:30.656" level="INFO">Page title is 'My Store'.</msg>
<status status="PASS" starttime="20211023 23:41:30.644" endtime="20211023 23:41:30.656"/>
</kw>
<status status="PASS" starttime="20211023 23:41:24.327" endtime="20211023 23:41:30.657"/>
</kw>
<kw name="Clicar em &quot;Sign in&quot;" library="TestAutomation">
<kw name="Wait Until Element Is Visible" library="SeleniumLibrary">
<arg>xpath=//*[@id="header_logo"]/a/img</arg>
<doc>Waits until the element ``locator`` is visible.</doc>
<status status="PASS" starttime="20211023 23:41:30.660" endtime="20211023 23:41:30.747"/>
</kw>
<kw name="Click Element" library="SeleniumLibrary">
<arg>xpath=//*[@id="header"]/div[2]/div/div/nav/div[1]/a</arg>
<doc>Click the element identified by ``locator``.</doc>
<msg timestamp="20211023 23:41:30.748" level="INFO">Clicking element 'xpath=//*[@id="header"]/div[2]/div/div/nav/div[1]/a'.</msg>
<status status="PASS" starttime="20211023 23:41:30.747" endtime="20211023 23:41:32.803"/>
</kw>
<status status="PASS" starttime="20211023 23:41:30.659" endtime="20211023 23:41:32.803"/>
</kw>
<kw name="Informar um e-mail válido" library="TestAutomation">
<kw name="Wait Until Element Is Visible" library="SeleniumLibrary">
<arg>xpath=//label[@for='email_create'][text()='Email address']</arg>
<doc>Waits until the element ``locator`` is visible.</doc>
<status status="PASS" starttime="20211023 23:41:32.807" endtime="20211023 23:41:32.862"/>
</kw>
<kw name="Input Text" library="SeleniumLibrary">
<arg>xpath=//*[@id="email_create"]</arg>
<arg>rebeca.lima.araujo31@gmail.com</arg>
<doc>Types the given ``text`` into the text field identified by ``locator``.</doc>
<msg timestamp="20211023 23:41:32.863" level="INFO">Typing text 'rebeca.lima.araujo31@gmail.com' into text field 'xpath=//*[@id="email_create"]'.</msg>
<status status="PASS" starttime="20211023 23:41:32.862" endtime="20211023 23:41:33.093"/>
</kw>
<status status="PASS" starttime="20211023 23:41:32.804" endtime="20211023 23:41:33.093"/>
</kw>
<kw name="Clicar em &quot;Create an Account&quot;" library="TestAutomation">
<kw name="Click Button" library="SeleniumLibrary">
<arg>xpath=//*[@id='SubmitCreate']</arg>
<doc>Clicks the button identified by ``locator``.</doc>
<msg timestamp="20211023 23:41:33.096" level="INFO">Clicking button 'xpath=//*[@id='SubmitCreate']'.</msg>
<status status="PASS" starttime="20211023 23:41:33.095" endtime="20211023 23:41:33.228"/>
</kw>
<status status="PASS" starttime="20211023 23:41:33.094" endtime="20211023 23:41:33.229"/>
</kw>
<kw name="Preencher os Dados obrigatório" library="TestAutomation">
<kw name="Wait Until Element Is Visible" library="SeleniumLibrary">
<arg>xpath=//h1[text()='Create an account']</arg>
<doc>Waits until the element ``locator`` is visible.</doc>
<kw name="Capture Page Screenshot" library="SeleniumLibrary">
<doc>Takes a screenshot of the current page and embeds it into a log file.</doc>
<msg timestamp="20211023 23:41:38.373" level="INFO" html="true">&lt;/td&gt;&lt;/tr&gt;&lt;tr&gt;&lt;td colspan="3"&gt;&lt;a href="selenium-screenshot-49.png"&gt;&lt;img src="selenium-screenshot-49.png" width="800px"&gt;&lt;/a&gt;</msg>
<status status="PASS" starttime="20211023 23:41:38.256" endtime="20211023 23:41:38.373"/>
</kw>
<msg timestamp="20211023 23:41:38.422" level="FAIL">Element 'xpath=//h1[text()='Create an account']' not visible after 5 seconds.</msg>
<status status="FAIL" starttime="20211023 23:41:33.231" endtime="20211023 23:41:38.422"/>
</kw>
<kw name="Click Element" library="SeleniumLibrary">
<arg>xpath=//*[@id="id_gender2"]</arg>
<doc>Click the element identified by ``locator``.</doc>
<status status="NOT RUN" starttime="20211023 23:41:38.422" endtime="20211023 23:41:38.422"/>
</kw>
<kw name="Capture Page Screenshot" library="SeleniumLibrary">
<doc>Takes a screenshot of the current page and embeds it into a log file.</doc>
<status status="NOT RUN" starttime="20211023 23:41:38.422" endtime="20211023 23:41:38.423"/>
</kw>
<kw name="Input Text" library="SeleniumLibrary">
<arg>name=customer_firstname</arg>
<arg>Rebeca</arg>
<doc>Types the given ``text`` into the text field identified by ``locator``.</doc>
<status status="NOT RUN" starttime="20211023 23:41:38.423" endtime="20211023 23:41:38.423"/>
</kw>
<kw name="Input Text" library="SeleniumLibrary">
<arg>name=customer_lastname</arg>
<arg>Araujo</arg>
<doc>Types the given ``text`` into the text field identified by ``locator``.</doc>
<status status="NOT RUN" starttime="20211023 23:41:38.423" endtime="20211023 23:41:38.423"/>
</kw>
<kw name="Input Password" library="SeleniumLibrary">
<arg>name=passwd</arg>
<arg>VassouraeRodo</arg>
<doc>Types the given password into the text field identified by ``locator``.</doc>
<status status="NOT RUN" starttime="20211023 23:41:38.423" endtime="20211023 23:41:38.423"/>
</kw>
<kw name="Select From List By Value" library="SeleniumLibrary">
<arg>name=days</arg>
<arg>31</arg>
<doc>Selects options from selection list ``locator`` by ``values``.</doc>
<status status="NOT RUN" starttime="20211023 23:41:38.423" endtime="20211023 23:41:38.423"/>
</kw>
<kw name="Select From List By Value" library="SeleniumLibrary">
<arg>name=months</arg>
<arg>3</arg>
<doc>Selects options from selection list ``locator`` by ``values``.</doc>
<status status="NOT RUN" starttime="20211023 23:41:38.424" endtime="20211023 23:41:38.424"/>
</kw>
<kw name="Select From List By Value" library="SeleniumLibrary">
<arg>name=years</arg>
<arg>2000</arg>
<doc>Selects options from selection list ``locator`` by ``values``.</doc>
<status status="NOT RUN" starttime="20211023 23:41:38.424" endtime="20211023 23:41:38.424"/>
</kw>
<kw name="Input Text" library="SeleniumLibrary">
<arg>name=address1</arg>
<arg>La Cantera, 323</arg>
<doc>Types the given ``text`` into the text field identified by ``locator``.</doc>
<status status="NOT RUN" starttime="20211023 23:41:38.424" endtime="20211023 23:41:38.424"/>
</kw>
<kw name="Input Text" library="SeleniumLibrary">
<arg>name=city</arg>
<arg>San Francisco</arg>
<doc>Types the given ``text`` into the text field identified by ``locator``.</doc>
<status status="NOT RUN" starttime="20211023 23:41:38.424" endtime="20211023 23:41:38.424"/>
</kw>
<kw name="Select From List By Value" library="SeleniumLibrary">
<arg>name=id_state</arg>
<arg>32</arg>
<doc>Selects options from selection list ``locator`` by ``values``.</doc>
<status status="NOT RUN" starttime="20211023 23:41:38.424" endtime="20211023 23:41:38.424"/>
</kw>
<kw name="Input Text" library="SeleniumLibrary">
<arg>name=postcode</arg>
<arg>37493</arg>
<doc>Types the given ``text`` into the text field identified by ``locator``.</doc>
<status status="NOT RUN" starttime="20211023 23:41:38.425" endtime="20211023 23:41:38.425"/>
</kw>
<kw name="Input Text" library="SeleniumLibrary">
<arg>name=phone_mobile</arg>
<arg>11982824033</arg>
<doc>Types the given ``text`` into the text field identified by ``locator``.</doc>
<status status="NOT RUN" starttime="20211023 23:41:38.425" endtime="20211023 23:41:38.425"/>
</kw>
<kw name="Capture Page Screenshot" library="SeleniumLibrary">
<doc>Takes a screenshot of the current page and embeds it into a log file.</doc>
<status status="NOT RUN" starttime="20211023 23:41:38.425" endtime="20211023 23:41:38.425"/>
</kw>
<kw name="Click Element" library="SeleniumLibrary">
<arg>name=submitAccount</arg>
<doc>Click the element identified by ``locator``.</doc>
<status status="NOT RUN" starttime="20211023 23:41:38.425" endtime="20211023 23:41:38.425"/>
</kw>
<status status="FAIL" starttime="20211023 23:41:33.230" endtime="20211023 23:41:38.426"/>
</kw>
<kw name="Conferir se o cadastro foi efetuado com sucesso" library="TestAutomation">
<status status="NOT RUN" starttime="20211023 23:41:38.427" endtime="20211023 23:41:38.427"/>
</kw>
<kw name="Fechar navegador" library="TestAutomation" type="TEARDOWN">
<kw name="Close Browser" library="SeleniumLibrary">
<doc>Closes the current browser.</doc>
<status status="PASS" starttime="20211023 23:41:38.430" endtime="20211023 23:41:41.006"/>
</kw>
<status status="PASS" starttime="20211023 23:41:38.429" endtime="20211023 23:41:41.006"/>
</kw>
<tag>ADD01</tag>
<status status="FAIL" starttime="20211023 23:41:22.101" endtime="20211023 23:41:41.007">Element 'xpath=//h1[text()='Create an account']' not visible after 5 seconds.</status>
</test>
<doc>Aqui estarão presentes os primeiros testes Automatizados web.</doc>
<status status="FAIL" starttime="20211023 23:41:21.635" endtime="20211023 23:41:41.010"/>
</suite>
<status status="FAIL" starttime="20211023 23:41:21.582" endtime="20211023 23:41:41.015"/>
</suite>
<statistics>
<total>
<stat pass="0" fail="1" skip="0">All Tests</stat>
</total>
<tag>
<stat pass="0" fail="1" skip="0">ADD01</stat>
</tag>
<suite>
<stat pass="0" fail="1" skip="0" id="s1" name="Tests">Tests</stat>
<stat pass="0" fail="1" skip="0" id="s1-s1" name="Exercicios">Tests.Exercicios</stat>
</suite>
</statistics>
<errors>
</errors>
</robot>
